<?xml version="1.0" encoding="UTF-8"?>
<!-- Generated by org.testng.reporters.JUnitReportReporter -->
<testsuite hostname="LAPTOP-1RLF7SK4" failures="0" tests="1" name="Mpack.OneTest" time="15.040" errors="0" timestamp="2024-07-16T13:24:11 IST" skipped="0">
  <testcase classname="Mpack.OneTest" name="Sample" time="15.040"/>
</testsuite> <!-- Mpack.OneTest -->
