<?xml version="1.0" encoding="UTF-8"?>
<!-- Generated by org.testng.reporters.JUnitReportReporter -->
<testsuite hostname="LAPTOP-1RLF7SK4" failures="0" tests="3" name="Mpack.Demo" time="0.014" errors="0" timestamp="2024-06-21T21:11:54 IST" skipped="0">
  <testcase classname="Mpack.Demo" name="Sample" time="0.009"/>
  <testcase classname="Mpack.Demo" name="Sample1" time="0.001"/>
  <testcase classname="Mpack.Demo" name="Sample2" time="0.004"/>
</testsuite> <!-- Mpack.Demo -->
