<?xml version="1.0" encoding="UTF-8"?>
<!-- Generated by org.testng.reporters.JUnitReportReporter -->
<testsuite hostname="LAPTOP-1RLF7SK4" failures="0" tests="1" name="Mpack.OneTest" time="8.591" errors="0" timestamp="2024-07-08T15:40:01 IST" skipped="0">
  <testcase classname="Mpack.OneTest" name="sample" time="8.591"/>
</testsuite> <!-- Mpack.OneTest -->
