<?xml version="1.0" encoding="UTF-8"?>
<!-- Generated by org.testng.reporters.JUnitReportReporter -->
<testsuite hostname="LAPTOP-1RLF7SK4" failures="0" tests="1" name="Mpack.TwoTest" time="7.978" errors="0" timestamp="2024-07-03T17:13:59 IST" skipped="0">
  <testcase classname="Mpack.TwoTest" name="sample21" time="7.978"/>
</testsuite> <!-- Mpack.TwoTest -->
